<?xml version="1.0" encoding="UTF-8"?>
<testsuite name="MTStressTest" tests="1" skipped="0" failures="0" errors="0" timestamp="2022-03-06T14:42:58" hostname="DESKTOP-8PSA664" time="44.985">
  <properties/>
  <testcase name="testStress" classname="MTStressTest" time="44.985"/>
  <system-out><![CDATA[Phase # 1 - done      1,149 ops (warm up)
Phase # 2 - done     10,942 ops (warm up)
Phase # 3 - done      2,272 ops (warm up)
Phase # 4 - done      1,008 ops (warm up)
Phase # 5 - done        777 ops (warm up)
Phase # 6 - done      1,683 ops (measure)
Phase # 7 - done        852 ops (measure)
Phase # 8 - done      1,133 ops (measure)
Phase # 9 - done        778 ops (measure)
Phase #10 - done      1,580 ops (measure)
Average ops per phase: 1,205 +- 413
]]></system-out>
  <system-err><![CDATA[]]></system-err>
</testsuite>
